<?xml version="1.0" encoding="utf-8" standalone="no"?>
<!--This file represents the results of running a test suite-->
<test-results name="C:\Code\CassiniDevMultiApp\CassiniDev\src\Tests\CassiniDev.Tests\bin\x64\Debug\CassiniDev.Tests4.dll" total="1" errors="0" failures="1" not-run="0" inconclusive="0" ignored="0" skipped="0" invalid="0" date="2016-09-16" time="22:00:29">
  <environment nunit-version="2.6.3.13283" clr-version="2.0.50727.8689" os-version="Microsoft Windows NT 6.2.9200.0" platform="Win32NT" cwd="C:\Code\CassiniDevMultiApp\CassiniDev" machine-name="MANTAS-THINK" user="Mantas" user-domain="Mantas-THINK" />
  <culture-info current-culture="lt-LT" current-uiculture="en-US" />
  <test-suite type="Assembly" name="C:\Code\CassiniDevMultiApp\CassiniDev\src\Tests\CassiniDev.Tests\bin\x64\Debug\CassiniDev.Tests4.dll" executed="True" result="Failure" success="False" time="1.431" asserts="0">
    <results>
      <test-suite type="Namespace" name="CassiniDev" executed="True" result="Failure" success="False" time="1.402" asserts="0">
        <results>
          <test-suite type="Namespace" name="Tests" executed="True" result="Failure" success="False" time="1.401" asserts="0">
            <results>
              <test-suite type="TestFixture" name="EmbeddedServerIT" executed="True" result="Failure" success="False" time="1.396" asserts="0">
                <results>
                  <test-case name="CassiniDev.Tests.EmbeddedServerIT.StartAndStop" executed="True" result="Failure" success="False" time="1.371" asserts="1">
                    <failure>
                      <message><![CDATA[  Expected: String containing "Hello World"
  But was:  "<!DOCTYPE html>"
]]></message>
                      <stack-trace><![CDATA[at CassiniDev.Tests.EmbeddedServerIT.StartAndStop() in C:\Code\CassiniDevMultiApp\CassiniDev\src\Tests\CassiniDev.Tests\EmbeddedServerIT.cs:line 26
]]></stack-trace>
                    </failure>
                  </test-case>
                </results>
              </test-suite>
            </results>
          </test-suite>
        </results>
      </test-suite>
    </results>
  </test-suite>
</test-results>